2017-09-03 18:48:04.060 5979 [main] WARN  org.hibernate.cfg.SettingsFactory - Unrecognized value for "hibernate.hbm2ddl.auto": none
2017-09-03 20:27:02.915 7426 [main] WARN  org.hibernate.cfg.SettingsFactory - Unrecognized value for "hibernate.hbm2ddl.auto": none
2017-09-03 20:39:02.519 6553 [main] WARN  org.hibernate.cfg.SettingsFactory - Unrecognized value for "hibernate.hbm2ddl.auto": none
2017-09-03 20:44:44.578 6303 [main] WARN  org.hibernate.cfg.SettingsFactory - Unrecognized value for "hibernate.hbm2ddl.auto": false
2017-09-03 20:46:14.988 6478 [main] WARN  org.hibernate.cfg.SettingsFactory - Unrecognized value for "hibernate.hbm2ddl.auto": false
2017-09-03 20:46:27.176 18666 [http-nio-8080-exec-2] WARN  o.h.e.jdbc.spi.SqlExceptionHelper - SQL Error: 1054, SQLState: 42S22
2017-09-03 20:46:27.178 18668 [http-nio-8080-exec-2] ERROR o.h.e.jdbc.spi.SqlExceptionHelper - Unknown column 'workexp0_.id' in 'field list'
2017-09-03 20:48:48.816 6096 [main] WARN  org.hibernate.cfg.SettingsFactory - Unrecognized value for "hibernate.hbm2ddl.auto": false
2017-09-03 20:48:58.567 15847 [http-nio-8080-exec-4] WARN  o.h.e.jdbc.spi.SqlExceptionHelper - SQL Error: 1054, SQLState: 42S22
2017-09-03 20:48:58.568 15848 [http-nio-8080-exec-4] ERROR o.h.e.jdbc.spi.SqlExceptionHelper - Unknown column 'workexp0_.resume_id' in 'field list'
2017-09-03 20:49:58.377 6278 [main] WARN  org.hibernate.cfg.SettingsFactory - Unrecognized value for "hibernate.hbm2ddl.auto": false
2017-09-03 21:04:47.280 6940 [main] WARN  org.hibernate.cfg.SettingsFactory - Unrecognized value for "hibernate.hbm2ddl.auto": false
2017-09-03 21:08:27.781 6040 [main] WARN  org.hibernate.cfg.SettingsFactory - Unrecognized value for "hibernate.hbm2ddl.auto": false
2017-09-03 21:11:46.105 3996 [ContainerBackgroundProcessor[StandardEngine[Catalina]]] WARN  c.m.v.r.BasicResourcePool - com.mchange.v2.resourcepool.BasicResourcePool@2d3f4682 -- an attempt to checkout a resource was interrupted, and the pool is still live: some other thread must have interrupted the Thread attempting checkout!
java.lang.InterruptedException: null
	at java.lang.Object.wait(Native Method) ~[na:1.8.0_77]
	at com.mchange.v2.resourcepool.BasicResourcePool.awaitAvailable(BasicResourcePool.java:1459) [c3p0-0.9.5.jar:0.9.5]
	at com.mchange.v2.resourcepool.BasicResourcePool.prelimCheckoutResource(BasicResourcePool.java:639) [c3p0-0.9.5.jar:0.9.5]
	at com.mchange.v2.resourcepool.BasicResourcePool.checkoutResource(BasicResourcePool.java:549) [c3p0-0.9.5.jar:0.9.5]
	at com.mchange.v2.c3p0.impl.C3P0PooledConnectionPool.checkoutAndMarkConnectionInUse(C3P0PooledConnectionPool.java:756) [c3p0-0.9.5.jar:0.9.5]
	at com.mchange.v2.c3p0.impl.C3P0PooledConnectionPool.checkoutPooledConnection(C3P0PooledConnectionPool.java:683) [c3p0-0.9.5.jar:0.9.5]
	at com.mchange.v2.c3p0.impl.AbstractPoolBackedDataSource.getConnection(AbstractPoolBackedDataSource.java:140) [c3p0-0.9.5.jar:0.9.5]
	at org.hibernate.engine.jdbc.connections.internal.DatasourceConnectionProviderImpl.getConnection(DatasourceConnectionProviderImpl.java:139) [hibernate-core-4.3.11.Final.jar:4.3.11.Final]
	at org.hibernate.engine.jdbc.internal.JdbcServicesImpl$ConnectionProviderJdbcConnectionAccess.obtainConnection(JdbcServicesImpl.java:279) [hibernate-core-4.3.11.Final.jar:4.3.11.Final]
	at org.hibernate.engine.jdbc.internal.JdbcServicesImpl.configure(JdbcServicesImpl.java:124) [hibernate-core-4.3.11.Final.jar:4.3.11.Final]
	at org.hibernate.boot.registry.internal.StandardServiceRegistryImpl.configureService(StandardServiceRegistryImpl.java:111) [hibernate-core-4.3.11.Final.jar:4.3.11.Final]
	at org.hibernate.service.internal.AbstractServiceRegistryImpl.initializeService(AbstractServiceRegistryImpl.java:234) [hibernate-core-4.3.11.Final.jar:4.3.11.Final]
	at org.hibernate.service.internal.AbstractServiceRegistryImpl.getService(AbstractServiceRegistryImpl.java:206) [hibernate-core-4.3.11.Final.jar:4.3.11.Final]
	at org.hibernate.cfg.Configuration.buildTypeRegistrations(Configuration.java:1887) [hibernate-core-4.3.11.Final.jar:4.3.11.Final]
	at org.hibernate.cfg.Configuration.buildSessionFactory(Configuration.java:1845) [hibernate-core-4.3.11.Final.jar:4.3.11.Final]
	at org.hibernate.cfg.Configuration.buildSessionFactory(Configuration.java:1930) [hibernate-core-4.3.11.Final.jar:4.3.11.Final]
	at org.springframework.orm.hibernate4.LocalSessionFactoryBuilder.buildSessionFactory(LocalSessionFactoryBuilder.java:343) [spring-orm-4.0.4.RELEASE.jar:4.0.4.RELEASE]
	at org.springframework.orm.hibernate4.LocalSessionFactoryBean.buildSessionFactory(LocalSessionFactoryBean.java:431) [spring-orm-4.0.4.RELEASE.jar:4.0.4.RELEASE]
	at org.springframework.orm.hibernate4.LocalSessionFactoryBean.afterPropertiesSet(LocalSessionFactoryBean.java:416) [spring-orm-4.0.4.RELEASE.jar:4.0.4.RELEASE]
	at org.springframework.beans.factory.support.AbstractAutowireCapableBeanFactory.invokeInitMethods(AbstractAutowireCapableBeanFactory.java:1612) [spring-beans-4.0.4.RELEASE.jar:4.0.4.RELEASE]
	at org.springframework.beans.factory.support.AbstractAutowireCapableBeanFactory.initializeBean(AbstractAutowireCapableBeanFactory.java:1549) [spring-beans-4.0.4.RELEASE.jar:4.0.4.RELEASE]
	at org.springframework.beans.factory.support.AbstractAutowireCapableBeanFactory.doCreateBean(AbstractAutowireCapableBeanFactory.java:539) [spring-beans-4.0.4.RELEASE.jar:4.0.4.RELEASE]
	at org.springframework.beans.factory.support.AbstractAutowireCapableBeanFactory.createBean(AbstractAutowireCapableBeanFactory.java:475) [spring-beans-4.0.4.RELEASE.jar:4.0.4.RELEASE]
	at org.springframework.beans.factory.support.AbstractBeanFactory$1.getObject(AbstractBeanFactory.java:304) [spring-beans-4.0.4.RELEASE.jar:4.0.4.RELEASE]
	at org.springframework.beans.factory.support.DefaultSingletonBeanRegistry.getSingleton(DefaultSingletonBeanRegistry.java:228) [spring-beans-4.0.4.RELEASE.jar:4.0.4.RELEASE]
	at org.springframework.beans.factory.support.AbstractBeanFactory.doGetBean(AbstractBeanFactory.java:300) [spring-beans-4.0.4.RELEASE.jar:4.0.4.RELEASE]
	at org.springframework.beans.factory.support.AbstractBeanFactory.getBean(AbstractBeanFactory.java:195) [spring-beans-4.0.4.RELEASE.jar:4.0.4.RELEASE]
	at org.springframework.beans.factory.support.BeanDefinitionValueResolver.resolveReference(BeanDefinitionValueResolver.java:328) [spring-beans-4.0.4.RELEASE.jar:4.0.4.RELEASE]
	at org.springframework.beans.factory.support.BeanDefinitionValueResolver.resolveValueIfNecessary(BeanDefinitionValueResolver.java:108) [spring-beans-4.0.4.RELEASE.jar:4.0.4.RELEASE]
	at org.springframework.beans.factory.support.AbstractAutowireCapableBeanFactory.applyPropertyValues(AbstractAutowireCapableBeanFactory.java:1456) [spring-beans-4.0.4.RELEASE.jar:4.0.4.RELEASE]
	at org.springframework.beans.factory.support.AbstractAutowireCapableBeanFactory.populateBean(AbstractAutowireCapableBeanFactory.java:1197) [spring-beans-4.0.4.RELEASE.jar:4.0.4.RELEASE]
	at org.springframework.beans.factory.support.AbstractAutowireCapableBeanFactory.doCreateBean(AbstractAutowireCapableBeanFactory.java:537) [spring-beans-4.0.4.RELEASE.jar:4.0.4.RELEASE]
	at org.springframework.beans.factory.support.AbstractAutowireCapableBeanFactory.createBean(AbstractAutowireCapableBeanFactory.java:475) [spring-beans-4.0.4.RELEASE.jar:4.0.4.RELEASE]
	at org.springframework.beans.factory.support.AbstractBeanFactory$1.getObject(AbstractBeanFactory.java:304) [spring-beans-4.0.4.RELEASE.jar:4.0.4.RELEASE]
	at org.springframework.beans.factory.support.DefaultSingletonBeanRegistry.getSingleton(DefaultSingletonBeanRegistry.java:228) [spring-beans-4.0.4.RELEASE.jar:4.0.4.RELEASE]
	at org.springframework.beans.factory.support.AbstractBeanFactory.doGetBean(AbstractBeanFactory.java:300) [spring-beans-4.0.4.RELEASE.jar:4.0.4.RELEASE]
	at org.springframework.beans.factory.support.AbstractBeanFactory.getBean(AbstractBeanFactory.java:200) [spring-beans-4.0.4.RELEASE.jar:4.0.4.RELEASE]
	at org.springframework.context.annotation.CommonAnnotationBeanPostProcessor.autowireResource(CommonAnnotationBeanPostProcessor.java:446) [spring-context-4.0.4.RELEASE.jar:4.0.4.RELEASE]
	at org.springframework.context.annotation.CommonAnnotationBeanPostProcessor.getResource(CommonAnnotationBeanPostProcessor.java:420) [spring-context-4.0.4.RELEASE.jar:4.0.4.RELEASE]
	at org.springframework.context.annotation.CommonAnnotationBeanPostProcessor$ResourceElement.getResourceToInject(CommonAnnotationBeanPostProcessor.java:545) [spring-context-4.0.4.RELEASE.jar:4.0.4.RELEASE]
	at org.springframework.beans.factory.annotation.InjectionMetadata$InjectedElement.inject(InjectionMetadata.java:164) [spring-beans-4.0.4.RELEASE.jar:4.0.4.RELEASE]
	at org.springframework.beans.factory.annotation.InjectionMetadata.inject(InjectionMetadata.java:87) [spring-beans-4.0.4.RELEASE.jar:4.0.4.RELEASE]
	at org.springframework.context.annotation.CommonAnnotationBeanPostProcessor.postProcessPropertyValues(CommonAnnotationBeanPostProcessor.java:305) [spring-context-4.0.4.RELEASE.jar:4.0.4.RELEASE]
	at org.springframework.beans.factory.support.AbstractAutowireCapableBeanFactory.populateBean(AbstractAutowireCapableBeanFactory.java:1185) [spring-beans-4.0.4.RELEASE.jar:4.0.4.RELEASE]
	at org.springframework.beans.factory.support.AbstractAutowireCapableBeanFactory.doCreateBean(AbstractAutowireCapableBeanFactory.java:537) [spring-beans-4.0.4.RELEASE.jar:4.0.4.RELEASE]
	at org.springframework.beans.factory.support.AbstractAutowireCapableBeanFactory.createBean(AbstractAutowireCapableBeanFactory.java:475) [spring-beans-4.0.4.RELEASE.jar:4.0.4.RELEASE]
	at org.springframework.beans.factory.support.AbstractBeanFactory$1.getObject(AbstractBeanFactory.java:304) [spring-beans-4.0.4.RELEASE.jar:4.0.4.RELEASE]
	at org.springframework.beans.factory.support.DefaultSingletonBeanRegistry.getSingleton(DefaultSingletonBeanRegistry.java:228) [spring-beans-4.0.4.RELEASE.jar:4.0.4.RELEASE]
	at org.springframework.beans.factory.support.AbstractBeanFactory.doGetBean(AbstractBeanFactory.java:300) [spring-beans-4.0.4.RELEASE.jar:4.0.4.RELEASE]
	at org.springframework.beans.factory.support.AbstractBeanFactory.getBean(AbstractBeanFactory.java:200) [spring-beans-4.0.4.RELEASE.jar:4.0.4.RELEASE]
	at org.springframework.context.annotation.CommonAnnotationBeanPostProcessor.autowireResource(CommonAnnotationBeanPostProcessor.java:446) [spring-context-4.0.4.RELEASE.jar:4.0.4.RELEASE]
	at org.springframework.context.annotation.CommonAnnotationBeanPostProcessor.getResource(CommonAnnotationBeanPostProcessor.java:420) [spring-context-4.0.4.RELEASE.jar:4.0.4.RELEASE]
	at org.springframework.context.annotation.CommonAnnotationBeanPostProcessor$ResourceElement.getResourceToInject(CommonAnnotationBeanPostProcessor.java:545) [spring-context-4.0.4.RELEASE.jar:4.0.4.RELEASE]
	at org.springframework.beans.factory.annotation.InjectionMetadata$InjectedElement.inject(InjectionMetadata.java:155) [spring-beans-4.0.4.RELEASE.jar:4.0.4.RELEASE]
	at org.springframework.beans.factory.annotation.InjectionMetadata.inject(InjectionMetadata.java:87) [spring-beans-4.0.4.RELEASE.jar:4.0.4.RELEASE]
	at org.springframework.context.annotation.CommonAnnotationBeanPostProcessor.postProcessPropertyValues(CommonAnnotationBeanPostProcessor.java:305) [spring-context-4.0.4.RELEASE.jar:4.0.4.RELEASE]
	at org.springframework.beans.factory.support.AbstractAutowireCapableBeanFactory.populateBean(AbstractAutowireCapableBeanFactory.java:1185) [spring-beans-4.0.4.RELEASE.jar:4.0.4.RELEASE]
	at org.springframework.beans.factory.support.AbstractAutowireCapableBeanFactory.doCreateBean(AbstractAutowireCapableBeanFactory.java:537) [spring-beans-4.0.4.RELEASE.jar:4.0.4.RELEASE]
	at org.springframework.beans.factory.support.AbstractAutowireCapableBeanFactory.createBean(AbstractAutowireCapableBeanFactory.java:475) [spring-beans-4.0.4.RELEASE.jar:4.0.4.RELEASE]
	at org.springframework.beans.factory.support.AbstractBeanFactory$1.getObject(AbstractBeanFactory.java:304) [spring-beans-4.0.4.RELEASE.jar:4.0.4.RELEASE]
	at org.springframework.beans.factory.support.DefaultSingletonBeanRegistry.getSingleton(DefaultSingletonBeanRegistry.java:228) [spring-beans-4.0.4.RELEASE.jar:4.0.4.RELEASE]
	at org.springframework.beans.factory.support.AbstractBeanFactory.doGetBean(AbstractBeanFactory.java:300) [spring-beans-4.0.4.RELEASE.jar:4.0.4.RELEASE]
	at org.springframework.beans.factory.support.AbstractBeanFactory.getBean(AbstractBeanFactory.java:195) [spring-beans-4.0.4.RELEASE.jar:4.0.4.RELEASE]
	at org.springframework.beans.factory.support.DefaultListableBeanFactory.findAutowireCandidates(DefaultListableBeanFactory.java:1017) [spring-beans-4.0.4.RELEASE.jar:4.0.4.RELEASE]
	at org.springframework.beans.factory.support.DefaultListableBeanFactory.doResolveDependency(DefaultListableBeanFactory.java:960) [spring-beans-4.0.4.RELEASE.jar:4.0.4.RELEASE]
	at org.springframework.beans.factory.support.DefaultListableBeanFactory.resolveDependency(DefaultListableBeanFactory.java:858) [spring-beans-4.0.4.RELEASE.jar:4.0.4.RELEASE]
	at org.springframework.context.annotation.CommonAnnotationBeanPostProcessor.autowireResource(CommonAnnotationBeanPostProcessor.java:442) [spring-context-4.0.4.RELEASE.jar:4.0.4.RELEASE]
	at org.springframework.context.annotation.CommonAnnotationBeanPostProcessor.getResource(CommonAnnotationBeanPostProcessor.java:420) [spring-context-4.0.4.RELEASE.jar:4.0.4.RELEASE]
	at org.springframework.context.annotation.CommonAnnotationBeanPostProcessor$ResourceElement.getResourceToInject(CommonAnnotationBeanPostProcessor.java:545) [spring-context-4.0.4.RELEASE.jar:4.0.4.RELEASE]
	at org.springframework.beans.factory.annotation.InjectionMetadata$InjectedElement.inject(InjectionMetadata.java:155) [spring-beans-4.0.4.RELEASE.jar:4.0.4.RELEASE]
	at org.springframework.beans.factory.annotation.InjectionMetadata.inject(InjectionMetadata.java:87) [spring-beans-4.0.4.RELEASE.jar:4.0.4.RELEASE]
	at org.springframework.context.annotation.CommonAnnotationBeanPostProcessor.postProcessPropertyValues(CommonAnnotationBeanPostProcessor.java:305) [spring-context-4.0.4.RELEASE.jar:4.0.4.RELEASE]
	at org.springframework.beans.factory.support.AbstractAutowireCapableBeanFactory.populateBean(AbstractAutowireCapableBeanFactory.java:1185) [spring-beans-4.0.4.RELEASE.jar:4.0.4.RELEASE]
	at org.springframework.beans.factory.support.AbstractAutowireCapableBeanFactory.doCreateBean(AbstractAutowireCapableBeanFactory.java:537) [spring-beans-4.0.4.RELEASE.jar:4.0.4.RELEASE]
	at org.springframework.beans.factory.support.AbstractAutowireCapableBeanFactory.createBean(AbstractAutowireCapableBeanFactory.java:475) [spring-beans-4.0.4.RELEASE.jar:4.0.4.RELEASE]
	at org.springframework.beans.factory.support.AbstractBeanFactory$1.getObject(AbstractBeanFactory.java:304) [spring-beans-4.0.4.RELEASE.jar:4.0.4.RELEASE]
	at org.springframework.beans.factory.support.DefaultSingletonBeanRegistry.getSingleton(DefaultSingletonBeanRegistry.java:228) [spring-beans-4.0.4.RELEASE.jar:4.0.4.RELEASE]
	at org.springframework.beans.factory.support.AbstractBeanFactory.doGetBean(AbstractBeanFactory.java:300) [spring-beans-4.0.4.RELEASE.jar:4.0.4.RELEASE]
	at org.springframework.beans.factory.support.AbstractBeanFactory.getBean(AbstractBeanFactory.java:195) [spring-beans-4.0.4.RELEASE.jar:4.0.4.RELEASE]
	at org.springframework.beans.factory.support.DefaultListableBeanFactory.preInstantiateSingletons(DefaultListableBeanFactory.java:703) [spring-beans-4.0.4.RELEASE.jar:4.0.4.RELEASE]
	at org.springframework.context.support.AbstractApplicationContext.finishBeanFactoryInitialization(AbstractApplicationContext.java:760) [spring-context-4.0.4.RELEASE.jar:4.0.4.RELEASE]
	at org.springframework.context.support.AbstractApplicationContext.refresh(AbstractApplicationContext.java:482) [spring-context-4.0.4.RELEASE.jar:4.0.4.RELEASE]
	at org.springframework.web.context.ContextLoader.configureAndRefreshWebApplicationContext(ContextLoader.java:403) [spring-web-4.0.4.RELEASE.jar:4.0.4.RELEASE]
	at org.springframework.web.context.ContextLoader.initWebApplicationContext(ContextLoader.java:306) [spring-web-4.0.4.RELEASE.jar:4.0.4.RELEASE]
	at org.springframework.web.context.ContextLoaderListener.contextInitialized(ContextLoaderListener.java:106) [spring-web-4.0.4.RELEASE.jar:4.0.4.RELEASE]
	at org.apache.catalina.core.StandardContext.listenerStart(StandardContext.java:4643) [catalina.jar:9.0.0.M26]
	at org.apache.catalina.core.StandardContext.startInternal(StandardContext.java:5105) [catalina.jar:9.0.0.M26]
	at org.apache.catalina.util.LifecycleBase.start(LifecycleBase.java:183) [catalina.jar:9.0.0.M26]
	at org.apache.catalina.core.StandardContext.reload(StandardContext.java:3700) [catalina.jar:9.0.0.M26]
	at org.apache.catalina.loader.WebappLoader.backgroundProcess(WebappLoader.java:292) [catalina.jar:9.0.0.M26]
	at org.apache.catalina.core.StandardContext.backgroundProcess(StandardContext.java:5461) [catalina.jar:9.0.0.M26]
	at org.apache.catalina.core.ContainerBase$ContainerBackgroundProcessor.processChildren(ContainerBase.java:1394) [catalina.jar:9.0.0.M26]
	at org.apache.catalina.core.ContainerBase$ContainerBackgroundProcessor.processChildren(ContainerBase.java:1398) [catalina.jar:9.0.0.M26]
	at org.apache.catalina.core.ContainerBase$ContainerBackgroundProcessor.processChildren(ContainerBase.java:1398) [catalina.jar:9.0.0.M26]
	at org.apache.catalina.core.ContainerBase$ContainerBackgroundProcessor.run(ContainerBase.java:1366) [catalina.jar:9.0.0.M26]
	at java.lang.Thread.run(Unknown Source) [na:1.8.0_77]
2017-09-03 21:11:46.128 4019 [ContainerBackgroundProcessor[StandardEngine[Catalina]]] WARN  o.h.e.j.internal.JdbcServicesImpl - HHH000342: Could not obtain connection to query metadata : An SQLException was provoked by the following failure: java.lang.InterruptedException
2017-09-03 21:11:46.940 4831 [ContainerBackgroundProcessor[StandardEngine[Catalina]]] WARN  org.hibernate.cfg.SettingsFactory - Unrecognized value for "hibernate.hbm2ddl.auto": false
2017-09-03 21:12:03.880 6618 [main] WARN  org.hibernate.cfg.SettingsFactory - Unrecognized value for "hibernate.hbm2ddl.auto": false
2017-09-03 21:17:03.767 6981 [main] WARN  org.hibernate.cfg.SettingsFactory - Unrecognized value for "hibernate.hbm2ddl.auto": false
2017-09-03 21:26:33.832 6495 [main] WARN  org.hibernate.cfg.SettingsFactory - Unrecognized value for "hibernate.hbm2ddl.auto": false
2017-09-03 21:29:16.575 4644 [ContainerBackgroundProcessor[StandardEngine[Catalina]]] WARN  org.hibernate.cfg.SettingsFactory - Unrecognized value for "hibernate.hbm2ddl.auto": false
2017-09-03 21:49:28.145 5135 [ContainerBackgroundProcessor[StandardEngine[Catalina]]] WARN  org.hibernate.cfg.SettingsFactory - Unrecognized value for "hibernate.hbm2ddl.auto": false
2017-09-03 21:50:26.301 6625 [main] WARN  org.hibernate.cfg.SettingsFactory - Unrecognized value for "hibernate.hbm2ddl.auto": false
2017-09-03 22:01:16.260 6689 [main] WARN  org.hibernate.cfg.SettingsFactory - Unrecognized value for "hibernate.hbm2ddl.auto": false
2017-09-03 22:05:20.898 5301 [ContainerBackgroundProcessor[StandardEngine[Catalina]]] WARN  org.hibernate.cfg.SettingsFactory - Unrecognized value for "hibernate.hbm2ddl.auto": false
2017-09-03 22:12:53.916 2370 [main] WARN  org.hibernate.cfg.SettingsFactory - Unrecognized value for "hibernate.hbm2ddl.auto": false
2017-09-04 15:15:47.918 6993 [main] WARN  org.hibernate.cfg.SettingsFactory - Unrecognized value for "hibernate.hbm2ddl.auto": false
2017-09-04 15:19:28.877 8060 [main] WARN  org.hibernate.cfg.SettingsFactory - Unrecognized value for "hibernate.hbm2ddl.auto": false
2017-09-04 15:24:19.763 5050 [ContainerBackgroundProcessor[StandardEngine[Catalina]]] WARN  org.hibernate.cfg.SettingsFactory - Unrecognized value for "hibernate.hbm2ddl.auto": false
2017-09-04 15:29:52.698 6917 [main] WARN  org.hibernate.cfg.SettingsFactory - Unrecognized value for "hibernate.hbm2ddl.auto": false
2017-09-04 15:31:27.554 4716 [ContainerBackgroundProcessor[StandardEngine[Catalina]]] WARN  org.hibernate.cfg.SettingsFactory - Unrecognized value for "hibernate.hbm2ddl.auto": false
2017-09-04 15:32:47.120 5992 [main] WARN  org.hibernate.cfg.SettingsFactory - Unrecognized value for "hibernate.hbm2ddl.auto": false
2017-09-04 15:37:25.627 7005 [main] WARN  org.hibernate.cfg.SettingsFactory - Unrecognized value for "hibernate.hbm2ddl.auto": false
2017-09-11 17:36:06.665 7841 [main] WARN  org.hibernate.cfg.SettingsFactory - Unrecognized value for "hibernate.hbm2ddl.auto": false
2017-09-11 17:52:18.620 7599 [main] WARN  org.hibernate.cfg.SettingsFactory - Unrecognized value for "hibernate.hbm2ddl.auto": false
2017-09-11 17:53:40.745 7237 [main] WARN  org.hibernate.cfg.SettingsFactory - Unrecognized value for "hibernate.hbm2ddl.auto": false
2017-09-11 17:57:20.266 9850 [main] WARN  org.hibernate.cfg.SettingsFactory - Unrecognized value for "hibernate.hbm2ddl.auto": false
2017-09-11 18:02:25.983 7669 [main] WARN  org.hibernate.cfg.SettingsFactory - Unrecognized value for "hibernate.hbm2ddl.auto": false
2017-09-11 18:19:46.330 7516 [main] WARN  org.hibernate.cfg.SettingsFactory - Unrecognized value for "hibernate.hbm2ddl.auto": false
2017-09-11 18:19:48.980 10166 [main] WARN  org.hibernate.cfg.SettingsFactory - Unrecognized value for "hibernate.hbm2ddl.auto": false
2017-09-11 18:21:41.270 7994 [main] WARN  org.hibernate.cfg.SettingsFactory - Unrecognized value for "hibernate.hbm2ddl.auto": false
2017-09-11 18:21:43.698 10422 [main] WARN  org.hibernate.cfg.SettingsFactory - Unrecognized value for "hibernate.hbm2ddl.auto": false
2017-09-11 18:23:58.350 7810 [main] WARN  org.hibernate.cfg.SettingsFactory - Unrecognized value for "hibernate.hbm2ddl.auto": false
2017-09-11 18:26:27.629 8356 [main] WARN  org.hibernate.cfg.SettingsFactory - Unrecognized value for "hibernate.hbm2ddl.auto": false
2017-09-11 18:30:18.388 9706 [main] WARN  org.hibernate.cfg.SettingsFactory - Unrecognized value for "hibernate.hbm2ddl.auto": false
2017-09-11 18:34:26.778 6672 [main] WARN  org.hibernate.cfg.SettingsFactory - Unrecognized value for "hibernate.hbm2ddl.auto": false
